info: connected to Database on Sat, 17 Sep 2022 10:00:41 GMT
info: connected to Database on Sat, 17 Sep 2022 10:01:07 GMT
info: connected to Database on Sat, 17 Sep 2022 10:01:12 GMT
info: connected to Database on Sat, 17 Sep 2022 10:01:20 GMT
error: Cannot read properties of undefined (reading 'PORT')
info: connected to Database on Sat, 17 Sep 2022 10:01:46 GMT
error: Cannot read properties of undefined (reading 'PORT')
info: connected to Database on Sat, 17 Sep 2022 10:01:50 GMT
error: Cannot read properties of undefined (reading 'PORT')
info: connected to Database on Sat, 17 Sep 2022 10:02:15 GMT
error: Cannot read properties of undefined (reading 'PORT')
info: connected to Database on Sat, 17 Sep 2022 10:29:12 GMT
error: Cannot read properties of undefined (reading 'PORT')
info: connected to Database on Sat, 17 Sep 2022 11:00:20 GMT
error: Cannot read properties of undefined (reading 'PORT')
info: connected to Database on Sat, 17 Sep 2022 11:02:02 GMT
error: Cannot read properties of undefined (reading 'PORT')
info: connected to Database on Sat, 17 Sep 2022 11:02:44 GMT
error: Cannot read properties of undefined (reading 'PORT')
info: connected to Database on Sat, 17 Sep 2022 11:05:11 GMT
error: Cannot read properties of undefined (reading 'PORT')
info: connected to Database on Sat, 17 Sep 2022 11:06:15 GMT
error: Cannot read properties of undefined (reading 'PORT')
info: connected to Database on Sat, 17 Sep 2022 11:07:16 GMT
error: Cannot read properties of undefined (reading 'PORT')
info: connected to Database on Sat, 17 Sep 2022 11:08:12 GMT
error: Cannot read properties of undefined (reading 'PORT')
info: connected to Database on Sat, 17 Sep 2022 11:09:37 GMT
error: Cannot read properties of undefined (reading 'PORT')
info: connected to Database on Sat, 17 Sep 2022 11:11:49 GMT
error: Configuration property "port" is not defined
info: connected to Database on Sat, 17 Sep 2022 11:14:23 GMT
error: Configuration property "port" is not defined
info: connected to Database on Sat, 17 Sep 2022 11:24:10 GMT
error: Configuration property "port" is not defined
info: connected to Database on Sat, 17 Sep 2022 11:25:10 GMT
info: connected to Database on Sat, 17 Sep 2022 11:30:36 GMT
info: connected to Database on Sat, 17 Sep 2022 11:31:36 GMT
error: port is not defined
info: connected to Database on Sat, 17 Sep 2022 11:37:58 GMT
info: connected to Database on Sat, 17 Sep 2022 11:40:33 GMT
info: connected to Database on Sat, 17 Sep 2022 11:41:59 GMT
info: connected to Database on Sat, 17 Sep 2022 11:42:14 GMT
info: connected to Database on Sat, 17 Sep 2022 11:48:28 GMT
info: connected to Database on Sat, 17 Sep 2022 11:48:54 GMT
info: connected to Database on Sat, 17 Sep 2022 11:49:00 GMT
info: connected to Database on Sat, 17 Sep 2022 11:49:10 GMT
info: connected to Database on Sat, 17 Sep 2022 11:49:52 GMT
info: connected to Database on Sat, 17 Sep 2022 11:50:08 GMT
info: connected to Database on Sat, 17 Sep 2022 11:50:13 GMT
info: connected to Database on Sat, 17 Sep 2022 11:50:41 GMT
info: connected to Database on Sat, 17 Sep 2022 11:51:02 GMT
info: connected to Database on Sat, 17 Sep 2022 11:51:05 GMT
info: connected to Database on Sat, 17 Sep 2022 11:51:20 GMT
info: connected to Database on Sat, 17 Sep 2022 11:51:59 GMT
info: connected to Database on Sat, 17 Sep 2022 11:52:49 GMT
info: connected to Database on Sat, 17 Sep 2022 11:52:54 GMT
info: connected to Database on Sat, 17 Sep 2022 11:55:06 GMT
info: connected to Database on Sat, 17 Sep 2022 11:56:15 GMT
info: connected to Database on Sat, 17 Sep 2022 11:56:42 GMT
info: connected to Database on Sat, 17 Sep 2022 11:58:24 GMT
info: connected to Database on Sat, 17 Sep 2022 12:01:38 GMT
info: connected to Database on Sat, 17 Sep 2022 12:01:41 GMT
info: connected to Database on Sat, 17 Sep 2022 12:04:46 GMT
info: connected to Database on Sat, 17 Sep 2022 12:04:56 GMT
info: connected to Database on Sat, 17 Sep 2022 12:05:30 GMT
info: connected to Database on Sat, 17 Sep 2022 12:06:11 GMT
info: connected to Database on Sat, 17 Sep 2022 12:07:29 GMT
info: connected to Database on Sat, 17 Sep 2022 12:07:32 GMT
info: connected to Database on Sat, 17 Sep 2022 12:07:36 GMT
info: connected to Database on Sat, 17 Sep 2022 12:07:41 GMT
info: connected to Database on Sat, 17 Sep 2022 12:12:42 GMT
info: connected to Database on Sat, 17 Sep 2022 12:12:51 GMT
info: connected to Database on Sat, 17 Sep 2022 12:12:54 GMT
info: connected to Database on Sat, 17 Sep 2022 12:13:00 GMT
info: connected to Database on Sat, 17 Sep 2022 12:13:09 GMT
info: connected to Database on Sat, 17 Sep 2022 12:13:19 GMT
info: connected to Database on Sat, 17 Sep 2022 12:13:23 GMT
info: connected to Database on Sat, 17 Sep 2022 12:13:34 GMT
info: connected to Database on Sat, 17 Sep 2022 12:14:02 GMT
info: connected to Database on Sat, 17 Sep 2022 12:14:04 GMT
info: connected to Database on Sat, 17 Sep 2022 12:14:07 GMT
info: connected to Database on Sat, 17 Sep 2022 12:14:13 GMT
info: connected to Database on Sat, 17 Sep 2022 12:14:15 GMT
info: connected to Database on Sat, 17 Sep 2022 12:14:19 GMT
info: connected to Database on Sat, 17 Sep 2022 12:14:28 GMT
info: connected to Database on Sat, 17 Sep 2022 12:23:11 GMT
info: connected to Database on Sat, 17 Sep 2022 12:23:16 GMT
info: connected to Database on Sat, 17 Sep 2022 12:23:26 GMT
info: connected to Database on Sat, 17 Sep 2022 12:23:54 GMT
info: connected to Database on Sat, 17 Sep 2022 12:23:57 GMT
info: connected to Database on Sat, 17 Sep 2022 12:24:28 GMT
info: connected to Database on Sat, 17 Sep 2022 12:24:31 GMT
info: connected to Database on Sat, 17 Sep 2022 12:24:39 GMT
info: connected to Database on Sat, 17 Sep 2022 12:24:42 GMT
info: connected to Database on Sat, 17 Sep 2022 12:24:46 GMT
error: btring is not defined
info: connected to Database on Sat, 17 Sep 2022 12:25:01 GMT
info: connected to Database on Sat, 17 Sep 2022 12:26:07 GMT
info: connected to Database on Sat, 17 Sep 2022 12:26:36 GMT
info: connected to Database on Sat, 17 Sep 2022 12:28:24 GMT
info: connected to Database on Sat, 17 Sep 2022 12:28:38 GMT
info: connected to Database on Sat, 17 Sep 2022 12:31:22 GMT
info: connected to Database on Sat, 17 Sep 2022 12:31:54 GMT
info: connected to Database on Sat, 17 Sep 2022 12:32:14 GMT
info: connected to Database on Sat, 17 Sep 2022 12:33:17 GMT
info: connected to Database on Sat, 17 Sep 2022 12:34:24 GMT
info: connected to Database on Sat, 17 Sep 2022 12:34:58 GMT
info: connected to Database on Sat, 17 Sep 2022 12:35:07 GMT
info: connected to Database on Sat, 17 Sep 2022 12:35:10 GMT
info: connected to Database on Sat, 17 Sep 2022 12:36:13 GMT
info: connected to Database on Sat, 17 Sep 2022 12:37:02 GMT
info: connected to Database on Sat, 17 Sep 2022 12:37:34 GMT
info: connected to Database on Sat, 17 Sep 2022 12:38:05 GMT
info: connected to Database on Sat, 17 Sep 2022 12:39:15 GMT
info: connected to Database on Sat, 17 Sep 2022 12:39:24 GMT
info: connected to Database on Sat, 17 Sep 2022 12:39:41 GMT
info: connected to Database on Sat, 17 Sep 2022 12:39:50 GMT
info: connected to Database on Sat, 17 Sep 2022 12:39:54 GMT
info: connected to Database on Sat, 17 Sep 2022 12:40:00 GMT
info: connected to Database on Sat, 17 Sep 2022 12:40:32 GMT
info: connected to Database on Sat, 17 Sep 2022 12:40:41 GMT
info: connected to Database on Sat, 17 Sep 2022 12:40:57 GMT
info: connected to Database on Sat, 17 Sep 2022 12:41:05 GMT
info: connected to Database on Sat, 17 Sep 2022 12:41:08 GMT
info: connected to Database on Sat, 17 Sep 2022 12:41:11 GMT
info: connected to Database on Sat, 17 Sep 2022 12:41:54 GMT
info: connected to Database on Sat, 17 Sep 2022 12:42:13 GMT
info: connected to Database on Sat, 17 Sep 2022 12:42:33 GMT
info: connected to Database on Sat, 17 Sep 2022 12:43:13 GMT
info: connected to Database on Sat, 17 Sep 2022 12:43:39 GMT
info: connected to Database on Sat, 17 Sep 2022 12:43:44 GMT
info: connected to Database on Sat, 17 Sep 2022 12:43:48 GMT
info: connected to Database on Sat, 17 Sep 2022 12:44:24 GMT
info: connected to Database on Sat, 17 Sep 2022 12:44:27 GMT
info: connected to Database on Sat, 17 Sep 2022 12:44:34 GMT
info: connected to Database on Sat, 17 Sep 2022 12:45:38 GMT
info: connected to Database on Sat, 17 Sep 2022 12:45:42 GMT
info: connected to Database on Sat, 17 Sep 2022 12:45:46 GMT
info: connected to Database on Sat, 17 Sep 2022 12:51:51 GMT
info: connected to Database on Sat, 17 Sep 2022 12:51:54 GMT
info: connected to Database on Sat, 17 Sep 2022 12:51:56 GMT
info: connected to Database on Sat, 17 Sep 2022 12:52:02 GMT
info: connected to Database on Sat, 17 Sep 2022 12:52:15 GMT
info: connected to Database on Sat, 17 Sep 2022 12:52:17 GMT
info: connected to Database on Sat, 17 Sep 2022 12:52:21 GMT
info: connected to Database on Sat, 17 Sep 2022 12:52:25 GMT
info: connected to Database on Sat, 17 Sep 2022 12:52:28 GMT
info: connected to Database on Sat, 17 Sep 2022 12:52:31 GMT
info: connected to Database on Sat, 17 Sep 2022 13:33:58 GMT
info: connected to Database on Sat, 17 Sep 2022 15:01:14 GMT
info: connected to Database on Sat, 17 Sep 2022 15:01:30 GMT
info: connected to Database on Sat, 17 Sep 2022 15:01:40 GMT
info: connected to Database on Sat, 17 Sep 2022 15:01:54 GMT
info: connected to Database on Sat, 17 Sep 2022 15:07:11 GMT
info: connected to Database on Sat, 17 Sep 2022 15:07:17 GMT
info: connected to Database on Sat, 17 Sep 2022 15:07:25 GMT
info: connected to Database on Sat, 17 Sep 2022 15:12:13 GMT
info: connected to Database on Sat, 17 Sep 2022 15:12:32 GMT
error: Configuration property "env" is not defined
info: connected to Database on Sat, 17 Sep 2022 15:13:43 GMT
info: connected to Database on Sat, 17 Sep 2022 15:15:29 GMT
info: connected to Database on Sat, 17 Sep 2022 15:22:03 GMT
