info: Created ~spider Man~ under ~Action Movie~ on ~Sun, 18 Sep 2022 03:46:25 GMT~
info: Created ~spider Man~ under ~Action Movie~ on ~Sun, 18 Sep 2022 03:47:53 GMT~
info: Created ~spider Man~ under ~Action Movie~ on ~Sun, 18 Sep 2022 03:55:55 GMT~
info: Created ~spider Man~ under ~Action Movie~ on ~Sun, 18 Sep 2022 03:57:37 GMT~
info: Created ~spider Man~ under ~Action Movie~ on ~Sun, 18 Sep 2022 04:01:15 GMT~
info: Created ~spider Man~ under ~Action Movie~ on ~Sun, 18 Sep 2022 04:02:01 GMT~
info: Created ~spider Man~ under ~Action Movie~ on ~Sun, 18 Sep 2022 04:02:28 GMT~
info: {
  _id: new ObjectId("63269854d8fbf949659e974f"),
  name: 'Action Movie',
  movies: {
    Moviename: 'spider Man',
    CopiesAvailable: '5',
    Rating: 10,
    AvailableFrom: 'Sun, 18 Sep 2022 04:02:23 GMT',
    _id: new ObjectId("63269854d8fbf949659e974e")
  },
  __v: 0
} was deleted from the DataBase
info: {
  _id: new ObjectId("63268ba39de3139a7db5fd1f"),
  name: 'Action Movie',
  movies: {
    Moviename: 'spider Man',
    CopiesAvailable: '5',
    Rating: 10,
    AvailableFrom: 'Sun, 18 Sep 2022 03:03:10 GMT',
    _id: new ObjectId("63268ba39de3139a7db5fd1e")
  },
  __v: 0
} was deleted from the DataBase
info: Created ~spider Man~ under ~Action Movie~ on ~Sun, 18 Sep 2022 04:41:51 GMT~
info: Created ~spider Man~ under ~Action Movie~ on ~Sun, 18 Sep 2022 04:43:37 GMT~
info: Created ~BatMan~ under ~Action Movie~ on ~Sun, 18 Sep 2022 04:46:08 GMT~
info: Movie ~spider Man~ with id 6326949141b3368c42e797b8 was deleted from the DataBase
info: {
  _id: new ObjectId("632696cbbee97fe2daee8716"),
  name: 'Action Movie',
  movies: {
    Moviename: 'spider Man',
    CopiesAvailable: '5',
    Rating: 10,
    AvailableFrom: 'Sun, 18 Sep 2022 03:53:35 GMT',
    _id: new ObjectId("632696cbbee97fe2daee8715")
  },
  __v: 0
} was updated to {
  _id: new ObjectId("632696cbbee97fe2daee8716"),
  name: 'kingsley Okoronkwo',
  movies: {
    Moviename: 'spider Man',
    CopiesAvailable: '5',
    Rating: 10,
    AvailableFrom: 'Sun, 18 Sep 2022 03:53:35 GMT',
    _id: new ObjectId("632696cbbee97fe2daee8715")
  },
  __v: 0
}
